<?xml version="1.0" encoding="UTF-8"?>
<testsuite errors="0" failures="1" name="fizzbuzz_tests.fizzBuzzTest-20181018150641" skipped="0" tests="14" time="0.003" timestamp="2018-10-18T15:06:41">
	<testcase classname="fizzbuzz_tests.fizzBuzzTest" name="test_if_0_is_0" time="0.000" timestamp="2018-10-18T15:06:41"/>
	<testcase classname="fizzbuzz_tests.fizzBuzzTest" name="test_if_10_is_buzz" time="0.000" timestamp="2018-10-18T15:06:41"/>
	<testcase classname="fizzbuzz_tests.fizzBuzzTest" name="test_if_15_is_fizzbuzz" time="0.000" timestamp="2018-10-18T15:06:41"/>
	<testcase classname="fizzbuzz_tests.fizzBuzzTest" name="test_if_3_is_fizz" time="0.000" timestamp="2018-10-18T15:06:41"/>
	<testcase classname="fizzbuzz_tests.fizzBuzzTest" name="test_if_4_is_4" time="0.000" timestamp="2018-10-18T15:06:41"/>
	<testcase classname="fizzbuzz_tests.fizzBuzzTest" name="test_if_5_is_buzz" time="0.000" timestamp="2018-10-18T15:06:41"/>
	<testcase classname="fizzbuzz_tests.fizzBuzzTest" name="test_if_9_is_fizz" time="0.000" timestamp="2018-10-18T15:06:41"/>
	<testcase classname="fizzbuzz_tests.fizzBuzzTest" name="test_if_fizbuzz_list_contains_start_to_end" time="0.000" timestamp="2018-10-18T15:06:41"/>
	<testcase classname="fizzbuzz_tests.fizzBuzzTest" name="test_if_fizzbuzz_list_is_converted_to_fizzbuzz" time="0.000" timestamp="2018-10-18T15:06:41"/>
	<testcase classname="fizzbuzz_tests.fizzBuzzTest" name="test_if_fizzbuzz_list_is_initialized" time="0.000" timestamp="2018-10-18T15:06:41"/>
	<testcase classname="fizzbuzz_tests.fizzBuzzTest" name="test_if_fizzbuzz_list_raises_end_exception" time="0.000" timestamp="2018-10-18T15:06:41"/>
	<testcase classname="fizzbuzz_tests.fizzBuzzTest" name="test_if_fizzbuzz_list_raises_start_exception" time="0.000" timestamp="2018-10-18T15:06:41"/>
	<testcase classname="fizzbuzz_tests.fizzBuzzTest" name="test_if_fizzbuzz_start_sets" time="0.000" timestamp="2018-10-18T15:06:41"/>
	<testcase classname="fizzbuzz_tests.fizzBuzzTest" name="test_if_fizbuzz_list_is_reversable" time="0.001" timestamp="2018-10-18T15:06:41">
		<failure message="Lists differ: [20, 19, 18, 17, 16, 15, 14, 13] != []

First list contains 8 additional elements.
First extra element 0:
20

- [20, 19, 18, 17, 16, 15, 14, 13]
+ []" type="AssertionError">
<![CDATA[Traceback (most recent call last):
  File "/Users/mikebmc/Documents/job_hunting_2018/applications/Intersection/nr_real_fizzbuzz/src/unittest/python/fizzbuzz_tests.py", line 73, in test_if_fizbuzz_list_is_reversable
    self.assertListEqual(fizzbuzz.num_list, expected)
AssertionError: Lists differ: [20, 19, 18, 17, 16, 15, 14, 13] != []

First list contains 8 additional elements.
First extra element 0:
20

- [20, 19, 18, 17, 16, 15, 14, 13]
+ []
]]>		</failure>
	</testcase>
	<system-out>
<![CDATA[]]>	</system-out>
	<system-err>
<![CDATA[]]>	</system-err>
</testsuite>
