<?xml version="1.0" encoding="UTF-8"?>
<testsuite errors="0" failures="0" name="fizzbuzz_tests.fizzBuzzTest-20181018141300" skipped="0" tests="1" time="0.001" timestamp="2018-10-18T14:13:00">
	<testcase classname="fizzbuzz_tests.fizzBuzzTest" name="test_3_is_fizz" time="0.001" timestamp="2018-10-18T14:13:00"/>
	<system-out>
<![CDATA[]]>	</system-out>
	<system-err>
<![CDATA[]]>	</system-err>
</testsuite>
