<?xml version="1.0" encoding="UTF-8"?>
<testsuite errors="0" failures="0" name="fizzbuzz_tests.fizzBuzzTest-20181018144553" skipped="0" tests="8" time="0.001" timestamp="2018-10-18T14:45:53">
	<testcase classname="fizzbuzz_tests.fizzBuzzTest" name="test_if_10_is_buzz" time="0.000" timestamp="2018-10-18T14:45:53"/>
	<testcase classname="fizzbuzz_tests.fizzBuzzTest" name="test_if_15_is_fizzbuzz" time="0.000" timestamp="2018-10-18T14:45:53"/>
	<testcase classname="fizzbuzz_tests.fizzBuzzTest" name="test_if_3_is_fizz" time="0.000" timestamp="2018-10-18T14:45:53"/>
	<testcase classname="fizzbuzz_tests.fizzBuzzTest" name="test_if_4_is_4" time="0.000" timestamp="2018-10-18T14:45:53"/>
	<testcase classname="fizzbuzz_tests.fizzBuzzTest" name="test_if_5_is_buzz" time="0.000" timestamp="2018-10-18T14:45:53"/>
	<testcase classname="fizzbuzz_tests.fizzBuzzTest" name="test_if_9_is_fizz" time="0.000" timestamp="2018-10-18T14:45:53"/>
	<testcase classname="fizzbuzz_tests.fizzBuzzTest" name="test_if_fizzbuzz_list_is_initialized" time="0.000" timestamp="2018-10-18T14:45:53"/>
	<testcase classname="fizzbuzz_tests.fizzBuzzTest" name="test_if_fizzbuzz_start_sets" time="0.000" timestamp="2018-10-18T14:45:53"/>
	<system-out>
<![CDATA[]]>	</system-out>
	<system-err>
<![CDATA[]]>	</system-err>
</testsuite>
