<?xml version="1.0" encoding="UTF-8"?>
<testsuite errors="0" failures="0" name="fizzbuzz_tests.fizzBuzzTest-20181018141635" skipped="0" tests="3" time="0.001" timestamp="2018-10-18T14:16:35">
	<testcase classname="fizzbuzz_tests.fizzBuzzTest" name="test_if_10_is_buzz" time="0.000" timestamp="2018-10-18T14:16:35"/>
	<testcase classname="fizzbuzz_tests.fizzBuzzTest" name="test_if_3_is_fizz" time="0.000" timestamp="2018-10-18T14:16:35"/>
	<testcase classname="fizzbuzz_tests.fizzBuzzTest" name="test_if_5_is_buzz" time="0.000" timestamp="2018-10-18T14:16:35"/>
	<system-out>
<![CDATA[]]>	</system-out>
	<system-err>
<![CDATA[]]>	</system-err>
</testsuite>
