<?xml version="1.0" encoding="UTF-8"?>
<testsuite errors="0" failures="0" name="fizzbuzz_tests.fizzBuzzTest-20181018171917" skipped="0" tests="28" time="0.003" timestamp="2018-10-18T17:19:17">
	<testcase classname="fizzbuzz_tests.fizzBuzzTest" name="test_if_0_is_0" time="0.000" timestamp="2018-10-18T17:19:17"/>
	<testcase classname="fizzbuzz_tests.fizzBuzzTest" name="test_if_10_is_buzz" time="0.000" timestamp="2018-10-18T17:19:17"/>
	<testcase classname="fizzbuzz_tests.fizzBuzzTest" name="test_if_15_is_fizzbuzz" time="0.000" timestamp="2018-10-18T17:19:17"/>
	<testcase classname="fizzbuzz_tests.fizzBuzzTest" name="test_if_3_is_lucky" time="0.000" timestamp="2018-10-18T17:19:17"/>
	<testcase classname="fizzbuzz_tests.fizzBuzzTest" name="test_if_4_is_4" time="0.000" timestamp="2018-10-18T17:19:17"/>
	<testcase classname="fizzbuzz_tests.fizzBuzzTest" name="test_if_5_is_buzz" time="0.000" timestamp="2018-10-18T17:19:17"/>
	<testcase classname="fizzbuzz_tests.fizzBuzzTest" name="test_if_9_is_fizz" time="0.000" timestamp="2018-10-18T17:19:17"/>
	<testcase classname="fizzbuzz_tests.fizzBuzzTest" name="test_if_fizbuzz_list_contains_start_to_end" time="0.000" timestamp="2018-10-18T17:19:17"/>
	<testcase classname="fizzbuzz_tests.fizzBuzzTest" name="test_if_fizbuzz_list_is_reversable" time="0.000" timestamp="2018-10-18T17:19:17"/>
	<testcase classname="fizzbuzz_tests.fizzBuzzTest" name="test_if_fizzMyBuzz_raises_end_exception" time="0.000" timestamp="2018-10-18T17:19:17"/>
	<testcase classname="fizzbuzz_tests.fizzBuzzTest" name="test_if_fizzMyBuzz_raises_start_exception" time="0.000" timestamp="2018-10-18T17:19:17"/>
	<testcase classname="fizzbuzz_tests.fizzBuzzTest" name="test_if_fizzMyBuzz_returns_correct_format" time="0.000" timestamp="2018-10-18T17:19:17"/>
	<testcase classname="fizzbuzz_tests.fizzBuzzTest" name="test_if_fizzbuzz_buzz_count_is_correct" time="0.000" timestamp="2018-10-18T17:19:17"/>
	<testcase classname="fizzbuzz_tests.fizzBuzzTest" name="test_if_fizzbuzz_buzz_count_is_initialized" time="0.000" timestamp="2018-10-18T17:19:17"/>
	<testcase classname="fizzbuzz_tests.fizzBuzzTest" name="test_if_fizzbuzz_fizz_count_is_correct" time="0.000" timestamp="2018-10-18T17:19:17"/>
	<testcase classname="fizzbuzz_tests.fizzBuzzTest" name="test_if_fizzbuzz_fizz_count_is_initialized" time="0.000" timestamp="2018-10-18T17:19:17"/>
	<testcase classname="fizzbuzz_tests.fizzBuzzTest" name="test_if_fizzbuzz_fizzbuzz_count_is_correct" time="0.000" timestamp="2018-10-18T17:19:17"/>
	<testcase classname="fizzbuzz_tests.fizzBuzzTest" name="test_if_fizzbuzz_fizzbuzz_count_is_initialized" time="0.000" timestamp="2018-10-18T17:19:17"/>
	<testcase classname="fizzbuzz_tests.fizzBuzzTest" name="test_if_fizzbuzz_int_count_is_correct" time="0.000" timestamp="2018-10-18T17:19:17"/>
	<testcase classname="fizzbuzz_tests.fizzBuzzTest" name="test_if_fizzbuzz_int_count_is_initialized" time="0.000" timestamp="2018-10-18T17:19:17"/>
	<testcase classname="fizzbuzz_tests.fizzBuzzTest" name="test_if_fizzbuzz_list_is_converted_to_fizzbuzz" time="0.000" timestamp="2018-10-18T17:19:17"/>
	<testcase classname="fizzbuzz_tests.fizzBuzzTest" name="test_if_fizzbuzz_list_is_initialized" time="0.000" timestamp="2018-10-18T17:19:17"/>
	<testcase classname="fizzbuzz_tests.fizzBuzzTest" name="test_if_fizzbuzz_list_raises_end_exception" time="0.000" timestamp="2018-10-18T17:19:17"/>
	<testcase classname="fizzbuzz_tests.fizzBuzzTest" name="test_if_fizzbuzz_list_raises_start_exception" time="0.000" timestamp="2018-10-18T17:19:17"/>
	<testcase classname="fizzbuzz_tests.fizzBuzzTest" name="test_if_fizzbuzz_lucky_count_is_initialized" time="0.000" timestamp="2018-10-18T17:19:17"/>
	<testcase classname="fizzbuzz_tests.fizzBuzzTest" name="test_if_fizzbuzz_returns_a_string" time="0.000" timestamp="2018-10-18T17:19:17"/>
	<testcase classname="fizzbuzz_tests.fizzBuzzTest" name="test_if_fizzbuzz_start_sets" time="0.000" timestamp="2018-10-18T17:19:17"/>
	<testcase classname="fizzbuzz_tests.fizzBuzzTest" name="test_if_makeFizzBuzz_returns_empty_list" time="0.000" timestamp="2018-10-18T17:19:17"/>
	<system-out>
<![CDATA[]]>	</system-out>
	<system-err>
<![CDATA[]]>	</system-err>
</testsuite>
